<?xml version="1.0" encoding="UTF-8"?>
<!-- Generated by org.testng.reporters.JUnitXMLReporter -->
<testsuite ignored="0" hostname="LAPTOP-J0EAE7UH" failures="0" tests="4" name="Chrome Test" time="70.083" errors="0" timestamp="2024-06-19T15:52:35 IST">
  <testcase classname="test.LoginPageTest" name="verifyUserLoginWithInvalidCredential" time="2.101"/>
  <testcase classname="test.LoginPageTest" name="verifyUserLoginWithInvalidCredential" time="1.141"/>
  <testcase classname="test.LoginPageTest" name="verifyUserLoginWithInvalidCredential" time="1.139"/>
  <testcase classname="test.LoginPageTest" name="verifyUserLoginWithValidCredentials" time="10.727"/>
</testsuite> <!-- Chrome Test -->
